{
  "RSpec": {
    "coverage": {
      "/Users/maxfrancis/projects/Chitter_challenge/Chitter_challenge/spec/setup_test_database.rb": [
        1,
        1,
        null,
        12,
        null,
        12,
        null,
        12,
        12,
        null
      ],
      "/Users/maxfrancis/projects/Chitter_challenge/Chitter_challenge/spec/features/creating_a_new_user_spec.rb": [
        1,
        null,
        1,
        1,
        1,
        1,
        1,
        1,
        1,
        1,
        null,
        1,
        1,
        1,
        null,
        1,
        null,
        null,
        null
      ],
      "/Users/maxfrancis/projects/Chitter_challenge/Chitter_challenge/lib/user.rb": [
        1,
        null,
        1,
        null,
        1,
        2,
        2,
        null,
        0,
        null,
        2,
        2,
        null,
        null,
        1,
        2,
        2,
        null,
        0,
        null,
        2,
        2,
        3,
        1,
        null,
        1,
        null,
        null,
        null,
        1,
        1,
        1,
        null,
        0,
        null,
        1,
        2,
        null,
        null,
        1,
        1,
        1,
        null,
        0,
        null,
        1,
        2,
        null,
        null,
        1,
        1,
        1,
        null,
        0,
        null,
        1,
        2,
        null,
        null,
        null
      ],
      "/Users/maxfrancis/projects/Chitter_challenge/Chitter_challenge/spec/features/homepage_spec.rb": [
        1,
        null,
        1,
        1,
        1,
        1,
        0,
        0,
        0,
        0,
        null,
        null
      ],
      "/Users/maxfrancis/projects/Chitter_challenge/Chitter_challenge/spec/features/post_peep_spec.rb": [
        1,
        null,
        1,
        1,
        1,
        1,
        1,
        0,
        0,
        0,
        null,
        null
      ],
      "/Users/maxfrancis/projects/Chitter_challenge/Chitter_challenge/spec/features/signing_up_spec.rb": [
        1,
        null,
        1,
        1,
        1,
        1,
        1,
        1,
        1,
        1,
        null,
        1,
        1,
        1,
        null,
        1,
        null,
        null
      ],
      "/Users/maxfrancis/projects/Chitter_challenge/Chitter_challenge/spec/features/viewing_login_page_spec.rb": [
        1,
        1,
        1,
        1,
        1,
        null,
        null
      ],
      "/Users/maxfrancis/projects/Chitter_challenge/Chitter_challenge/spec/features/viewing_the_fail_page_spec.rb": [
        1,
        1,
        1,
        1,
        1,
        1,
        null,
        null
      ],
      "/Users/maxfrancis/projects/Chitter_challenge/Chitter_challenge/spec/peep_spec.rb": [
        1,
        null,
        1,
        1,
        1,
        1,
        0,
        0,
        null,
        0,
        null,
        0,
        0,
        0,
        0,
        null,
        null,
        null,
        1,
        1,
        1,
        0,
        null,
        0,
        0,
        0,
        0,
        null,
        null,
        null
      ]
    },
    "timestamp": 1541153543
  }
}
